app/build/intermediates/manifest_merge_blame_file/debug/manifest-merger-blame-debug-report.txt
1<?xml version="1.0" encoding="utf-8"?>
2<manifest xmlns:android="http://schemas.android.com/apk/res/android"
3    package="uz.techtalk.android.ndk_samples"
4    android:versionCode="1"
5    android:versionName="1.0" >
6
7    <uses-sdk
8        android:minSdkVersion="21"
8-->src/main/AndroidManifest.xml
9        android:targetSdkVersion="30" />
9-->src/main/AndroidManifest.xml
10
11    <uses-permission android:name="android.permission.WRITE_EXTERNAL_STORAGE" />
11-->src/main/AndroidManifest.xml:5:5-6:68
11-->src/main/AndroidManifest.xml:6:9-65
12    <uses-permission android:name="android.permission.READ_EXTERNAL_STORAGE" />
12-->src/main/AndroidManifest.xml:7:5-8:67
12-->src/main/AndroidManifest.xml:8:9-64
13
14    <application
14-->src/main/AndroidManifest.xml:10:5-29:19
15        android:allowBackup="true"
15-->src/main/AndroidManifest.xml:12:9-35
16        android:appComponentFactory="androidx.core.app.CoreComponentFactory"
16-->[androidx.core:core:1.3.2] AndroidManifest.xml:24:18-86
17        android:debuggable="true"
18        android:icon="@mipmap/ic_launcher"
18-->src/main/AndroidManifest.xml:13:9-43
19        android:label="@string/app_name"
19-->src/main/AndroidManifest.xml:14:9-41
20        android:requestLegacyExternalStorage="true"
20-->src/main/AndroidManifest.xml:11:9-52
21        android:roundIcon="@mipmap/ic_launcher_round"
21-->src/main/AndroidManifest.xml:15:9-54
22        android:supportsRtl="true"
22-->src/main/AndroidManifest.xml:16:9-35
23        android:testOnly="true"
24        android:theme="@style/Theme.NDKsamples" >
24-->src/main/AndroidManifest.xml:17:9-48
25        <uses-library
25-->src/main/AndroidManifest.xml:18:9-20:40
26            android:name="org.apache.http.legacy"
26-->src/main/AndroidManifest.xml:19:13-50
27            android:required="false" />
27-->src/main/AndroidManifest.xml:20:13-37
28
29        <activity android:name="uz.techtalk.android.ndk.MainActivity" >
29-->src/main/AndroidManifest.xml:22:9-28:20
29-->src/main/AndroidManifest.xml:22:19-70
30            <intent-filter>
30-->src/main/AndroidManifest.xml:23:13-27:29
31                <action android:name="android.intent.action.MAIN" />
31-->src/main/AndroidManifest.xml:24:17-69
31-->src/main/AndroidManifest.xml:24:25-66
32
33                <category android:name="android.intent.category.LAUNCHER" />
33-->src/main/AndroidManifest.xml:26:17-77
33-->src/main/AndroidManifest.xml:26:27-74
34            </intent-filter>
35        </activity>
36
37        <meta-data
37-->[com.github.bumptech.glide:okhttp3-integration:4.11.0] AndroidManifest.xml:11:9-13:43
38            android:name="com.bumptech.glide.integration.okhttp3.OkHttpGlideModule"
38-->[com.github.bumptech.glide:okhttp3-integration:4.11.0] AndroidManifest.xml:12:13-84
39            android:value="GlideModule" />
39-->[com.github.bumptech.glide:okhttp3-integration:4.11.0] AndroidManifest.xml:13:13-40
40    </application>
41
42</manifest>